[Sun Dec 10 11:36:01.604957 2017] [mpm_winnt:notice] [pid 2324:tid 300] AH00422: Parent: Received shutdown signal -- Shutting down the server.
[Sun Dec 10 11:36:03.606063 2017] [mpm_winnt:notice] [pid 4304:tid 184] AH00364: Child: All worker threads have exited.
[Sun Dec 10 11:36:03.704069 2017] [mpm_winnt:notice] [pid 2324:tid 300] AH00430: Parent: Child process 4304 exited successfully.
[Sun Dec 10 11:36:09.860421 2017] [ssl:warn] [pid 7548:tid 300] AH01909: www.example.com:443:0 server certificate does NOT include an ID which matches the server name
[Sun Dec 10 11:36:09.990428 2017] [ssl:warn] [pid 7548:tid 300] AH01909: www.example.com:443:0 server certificate does NOT include an ID which matches the server name
PHP Warning:  PHP Startup: Unable to load dynamic library 'C:\\xampp\\php\\ext\\php_bz2.dll' - \xef\xbf\xbd\xe4\xa4\xa3\xef\xbf\xbd\xef\xbf\xbd\xef\xbf\xbdw\xef\xbf\xbd\xef\xbf\xbd\xef\xbf\xbd\xd2\xb2\xd5\xa1C\r\n in Unknown on line 0
PHP Warning:  PHP Startup: Unable to load dynamic library 'C:\\xampp\\php\\ext\\php_curl.dll' - \xef\xbf\xbd\xe4\xa4\xa3\xef\xbf\xbd\xef\xbf\xbd\xef\xbf\xbdw\xef\xbf\xbd\xef\xbf\xbd\xef\xbf\xbd\xd2\xb2\xd5\xa1C\r\n in Unknown on line 0
PHP Warning:  PHP Startup: Unable to load dynamic library 'C:\\xampp\\php\\ext\\php_fileinfo.dll' - \xef\xbf\xbd\xe4\xa4\xa3\xef\xbf\xbd\xef\xbf\xbd\xef\xbf\xbdw\xef\xbf\xbd\xef\xbf\xbd\xef\xbf\xbd\xd2\xb2\xd5\xa1C\r\n in Unknown on line 0
PHP Warning:  PHP Startup: Unable to load dynamic library 'C:\\xampp\\php\\ext\\php_gd2.dll' - \xef\xbf\xbd\xe4\xa4\xa3\xef\xbf\xbd\xef\xbf\xbd\xef\xbf\xbdw\xef\xbf\xbd\xef\xbf\xbd\xef\xbf\xbd\xd2\xb2\xd5\xa1C\r\n in Unknown on line 0
PHP Warning:  PHP Startup: Unable to load dynamic library 'C:\\xampp\\php\\ext\\php_gettext.dll' - \xef\xbf\xbd\xe4\xa4\xa3\xef\xbf\xbd\xef\xbf\xbd\xef\xbf\xbdw\xef\xbf\xbd\xef\xbf\xbd\xef\xbf\xbd\xd2\xb2\xd5\xa1C\r\n in Unknown on line 0
PHP Warning:  PHP Startup: Unable to load dynamic library 'C:\\xampp\\php\\ext\\php_mbstring.dll' - \xef\xbf\xbd\xe4\xa4\xa3\xef\xbf\xbd\xef\xbf\xbd\xef\xbf\xbdw\xef\xbf\xbd\xef\xbf\xbd\xef\xbf\xbd\xd2\xb2\xd5\xa1C\r\n in Unknown on line 0
PHP Warning:  PHP Startup: Unable to load dynamic library 'C:\\xampp\\php\\ext\\php_exif.dll' - \xef\xbf\xbd\xe4\xa4\xa3\xef\xbf\xbd\xef\xbf\xbd\xef\xbf\xbdw\xef\xbf\xbd\xef\xbf\xbd\xef\xbf\xbd\xd2\xb2\xd5\xa1C\r\n in Unknown on line 0
PHP Warning:  PHP Startup: Unable to load dynamic library 'C:\\xampp\\php\\ext\\php_mysqli.dll' - \xef\xbf\xbd\xe4\xa4\xa3\xef\xbf\xbd\xef\xbf\xbd\xef\xbf\xbdw\xef\xbf\xbd\xef\xbf\xbd\xef\xbf\xbd\xd2\xb2\xd5\xa1C\r\n in Unknown on line 0
PHP Warning:  PHP Startup: Unable to load dynamic library 'C:\\xampp\\php\\ext\\php_pdo_mysql.dll' - \xef\xbf\xbd\xe4\xa4\xa3\xef\xbf\xbd\xef\xbf\xbd\xef\xbf\xbdw\xef\xbf\xbd\xef\xbf\xbd\xef\xbf\xbd\xd2\xb2\xd5\xa1C\r\n in Unknown on line 0
PHP Warning:  PHP Startup: Unable to load dynamic library 'C:\\xampp\\php\\ext\\php_pdo_sqlite.dll' - \xef\xbf\xbd\xe4\xa4\xa3\xef\xbf\xbd\xef\xbf\xbd\xef\xbf\xbdw\xef\xbf\xbd\xef\xbf\xbd\xef\xbf\xbd\xd2\xb2\xd5\xa1C\r\n in Unknown on line 0
PHP Warning:  PHP Startup: Unable to load dynamic library 'C:\\xampp\\php\\ext\\php_igbinary.dll' - \xef\xbf\xbd\xe4\xa4\xa3\xef\xbf\xbd\xef\xbf\xbd\xef\xbf\xbdw\xef\xbf\xbd\xef\xbf\xbd\xef\xbf\xbd\xd2\xb2\xd5\xa1C\r\n in Unknown on line 0
PHP Warning:  PHP Startup: Unable to load dynamic library 'C:\\xampp\\php\\ext\\php_redis.dll' - \xef\xbf\xbd\xe4\xa4\xa3\xef\xbf\xbd\xef\xbf\xbd\xef\xbf\xbdw\xef\xbf\xbd\xef\xbf\xbd\xef\xbf\xbd\xd2\xb2\xd5\xa1C\r\n in Unknown on line 0
PHP Warning:  PHP Startup: Unable to load dynamic library 'C:\\xampp\\php\\ext\\php_openssl.dll' - \xef\xbf\xbd\xe4\xa4\xa3\xef\xbf\xbd\xef\xbf\xbd\xef\xbf\xbdw\xef\xbf\xbd\xef\xbf\xbd\xef\xbf\xbd\xd2\xb2\xd5\xa1C\r\n in Unknown on line 0
PHP Warning:  PHP Startup: Unable to load dynamic library 'C:\\xampp\\php\\ext\\php_ftp.dll' - \xef\xbf\xbd\xe4\xa4\xa3\xef\xbf\xbd\xef\xbf\xbd\xef\xbf\xbdw\xef\xbf\xbd\xef\xbf\xbd\xef\xbf\xbd\xd2\xb2\xd5\xa1C\r\n in Unknown on line 0
PHP Warning:  Cannot open 'C:\\xampp\\php\\extras\\browscap.ini' for reading in Unknown on line 0
[Sun Dec 10 11:36:10.005429 2017] [mpm_winnt:notice] [pid 7548:tid 300] AH00455: Apache/2.4.29 (Win32) OpenSSL/1.0.2l PHP/7.1.11 configured -- resuming normal operations
[Sun Dec 10 11:36:10.005429 2017] [mpm_winnt:notice] [pid 7548:tid 300] AH00456: Apache Lounge VC14 Server built: Oct 22 2017 11:52:30
[Sun Dec 10 11:36:10.005429 2017] [core:notice] [pid 7548:tid 300] AH00094: Command line: 'C:\\web\\apache\\bin\\httpd.exe -d C:/web/apache'
[Sun Dec 10 11:36:10.008429 2017] [mpm_winnt:notice] [pid 7548:tid 300] AH00418: Parent: Created child process 7536
[Sun Dec 10 11:36:10.459455 2017] [ssl:warn] [pid 7536:tid 184] AH01909: www.example.com:443:0 server certificate does NOT include an ID which matches the server name
[Sun Dec 10 11:36:10.578462 2017] [ssl:warn] [pid 7536:tid 184] AH01909: www.example.com:443:0 server certificate does NOT include an ID which matches the server name
PHP Warning:  PHP Startup: Unable to load dynamic library 'C:\\xampp\\php\\ext\\php_bz2.dll' - \xef\xbf\xbd\xe4\xa4\xa3\xef\xbf\xbd\xef\xbf\xbd\xef\xbf\xbdw\xef\xbf\xbd\xef\xbf\xbd\xef\xbf\xbd\xd2\xb2\xd5\xa1C\r\n in Unknown on line 0
PHP Warning:  PHP Startup: Unable to load dynamic library 'C:\\xampp\\php\\ext\\php_curl.dll' - \xef\xbf\xbd\xe4\xa4\xa3\xef\xbf\xbd\xef\xbf\xbd\xef\xbf\xbdw\xef\xbf\xbd\xef\xbf\xbd\xef\xbf\xbd\xd2\xb2\xd5\xa1C\r\n in Unknown on line 0
PHP Warning:  PHP Startup: Unable to load dynamic library 'C:\\xampp\\php\\ext\\php_fileinfo.dll' - \xef\xbf\xbd\xe4\xa4\xa3\xef\xbf\xbd\xef\xbf\xbd\xef\xbf\xbdw\xef\xbf\xbd\xef\xbf\xbd\xef\xbf\xbd\xd2\xb2\xd5\xa1C\r\n in Unknown on line 0
PHP Warning:  PHP Startup: Unable to load dynamic library 'C:\\xampp\\php\\ext\\php_gd2.dll' - \xef\xbf\xbd\xe4\xa4\xa3\xef\xbf\xbd\xef\xbf\xbd\xef\xbf\xbdw\xef\xbf\xbd\xef\xbf\xbd\xef\xbf\xbd\xd2\xb2\xd5\xa1C\r\n in Unknown on line 0
PHP Warning:  PHP Startup: Unable to load dynamic library 'C:\\xampp\\php\\ext\\php_gettext.dll' - \xef\xbf\xbd\xe4\xa4\xa3\xef\xbf\xbd\xef\xbf\xbd\xef\xbf\xbdw\xef\xbf\xbd\xef\xbf\xbd\xef\xbf\xbd\xd2\xb2\xd5\xa1C\r\n in Unknown on line 0
PHP Warning:  PHP Startup: Unable to load dynamic library 'C:\\xampp\\php\\ext\\php_mbstring.dll' - \xef\xbf\xbd\xe4\xa4\xa3\xef\xbf\xbd\xef\xbf\xbd\xef\xbf\xbdw\xef\xbf\xbd\xef\xbf\xbd\xef\xbf\xbd\xd2\xb2\xd5\xa1C\r\n in Unknown on line 0
PHP Warning:  PHP Startup: Unable to load dynamic library 'C:\\xampp\\php\\ext\\php_exif.dll' - \xef\xbf\xbd\xe4\xa4\xa3\xef\xbf\xbd\xef\xbf\xbd\xef\xbf\xbdw\xef\xbf\xbd\xef\xbf\xbd\xef\xbf\xbd\xd2\xb2\xd5\xa1C\r\n in Unknown on line 0
PHP Warning:  PHP Startup: Unable to load dynamic library 'C:\\xampp\\php\\ext\\php_mysqli.dll' - \xef\xbf\xbd\xe4\xa4\xa3\xef\xbf\xbd\xef\xbf\xbd\xef\xbf\xbdw\xef\xbf\xbd\xef\xbf\xbd\xef\xbf\xbd\xd2\xb2\xd5\xa1C\r\n in Unknown on line 0
PHP Warning:  PHP Startup: Unable to load dynamic library 'C:\\xampp\\php\\ext\\php_pdo_mysql.dll' - \xef\xbf\xbd\xe4\xa4\xa3\xef\xbf\xbd\xef\xbf\xbd\xef\xbf\xbdw\xef\xbf\xbd\xef\xbf\xbd\xef\xbf\xbd\xd2\xb2\xd5\xa1C\r\n in Unknown on line 0
PHP Warning:  PHP Startup: Unable to load dynamic library 'C:\\xampp\\php\\ext\\php_pdo_sqlite.dll' - \xef\xbf\xbd\xe4\xa4\xa3\xef\xbf\xbd\xef\xbf\xbd\xef\xbf\xbdw\xef\xbf\xbd\xef\xbf\xbd\xef\xbf\xbd\xd2\xb2\xd5\xa1C\r\n in Unknown on line 0
PHP Warning:  PHP Startup: Unable to load dynamic library 'C:\\xampp\\php\\ext\\php_igbinary.dll' - \xef\xbf\xbd\xe4\xa4\xa3\xef\xbf\xbd\xef\xbf\xbd\xef\xbf\xbdw\xef\xbf\xbd\xef\xbf\xbd\xef\xbf\xbd\xd2\xb2\xd5\xa1C\r\n in Unknown on line 0
PHP Warning:  PHP Startup: Unable to load dynamic library 'C:\\xampp\\php\\ext\\php_redis.dll' - \xef\xbf\xbd\xe4\xa4\xa3\xef\xbf\xbd\xef\xbf\xbd\xef\xbf\xbdw\xef\xbf\xbd\xef\xbf\xbd\xef\xbf\xbd\xd2\xb2\xd5\xa1C\r\n in Unknown on line 0
PHP Warning:  PHP Startup: Unable to load dynamic library 'C:\\xampp\\php\\ext\\php_openssl.dll' - \xef\xbf\xbd\xe4\xa4\xa3\xef\xbf\xbd\xef\xbf\xbd\xef\xbf\xbdw\xef\xbf\xbd\xef\xbf\xbd\xef\xbf\xbd\xd2\xb2\xd5\xa1C\r\n in Unknown on line 0
PHP Warning:  PHP Startup: Unable to load dynamic library 'C:\\xampp\\php\\ext\\php_ftp.dll' - \xef\xbf\xbd\xe4\xa4\xa3\xef\xbf\xbd\xef\xbf\xbd\xef\xbf\xbdw\xef\xbf\xbd\xef\xbf\xbd\xef\xbf\xbd\xd2\xb2\xd5\xa1C\r\n in Unknown on line 0
PHP Warning:  Cannot open 'C:\\xampp\\php\\extras\\browscap.ini' for reading in Unknown on line 0
[Sun Dec 10 11:36:10.588462 2017] [mpm_winnt:notice] [pid 7536:tid 184] AH00354: Child: Starting 150 worker threads.
[Sun Dec 10 11:41:04.130120 2017] [php7:notice] [pid 7536:tid 1640] [client 192.168.74.254:5164] Method not allowed
[Sun Dec 10 11:41:06.789272 2017] [php7:notice] [pid 7536:tid 1640] [client 192.168.74.254:5164] Method not allowed
