2015-11-10 15:26:56 10fc InnoDB: Warning: Using innodb_additional_mem_pool_size is DEPRECATED. This option may be removed in future releases, together with the option innodb_use_sys_malloc and with the InnoDB's internal memory allocator.
2015-11-10 15:26:56 4348 [Note] InnoDB: Using mutexes to ref count buffer pool pages
2015-11-10 15:26:56 4348 [Note] InnoDB: The InnoDB memory heap is disabled
2015-11-10 15:26:56 4348 [Note] InnoDB: Mutexes and rw_locks use Windows interlocked functions
2015-11-10 15:26:56 4348 [Note] InnoDB: Memory barrier is not used
2015-11-10 15:26:56 4348 [Note] InnoDB: Compressed tables use zlib 1.2.3
2015-11-10 15:26:56 4348 [Note] InnoDB: Not using CPU crc32 instructions
2015-11-10 15:26:56 4348 [Note] InnoDB: Initializing buffer pool, size = 16.0M
2015-11-10 15:26:56 4348 [Note] InnoDB: Completed initialization of buffer pool
2015-11-10 15:26:56 4348 [Note] InnoDB: Highest supported file format is Barracuda.
2015-11-10 15:26:57 4348 [Note] InnoDB: 128 rollback segment(s) are active.
2015-11-10 15:26:57 4348 [Note] InnoDB: Waiting for purge to start
2015-11-10 15:26:57 4348 [Note] InnoDB:  Percona XtraDB (http://www.percona.com) 5.6.26-74.0 started; log sequence number 1835027
2015-11-10 15:26:57 6140 [Note] InnoDB: Dumping buffer pool(s) not yet started
2015-11-10 15:26:57 4348 [Note] Plugin 'FEEDBACK' is disabled.
2015-11-10 15:26:57 4348 [Note] Server socket created on IP: '::'.
2015-11-10 15:26:57 4348 [Note] Event Scheduler: Loaded 0 events
2015-11-10 15:26:57 4348 [Note] C:\xampp\mysql\bin\mysqld.exe: ready for connections.
Version: '10.1.8-MariaDB'  socket: ''  port: 3306  mariadb.org binary distribution
2015-11-10 15:27:11 5152 [Note] C:\xampp\mysql\bin\mysqld.exe: Normal shutdown

2015-11-10 15:27:11 5152 [Note] Event Scheduler: Purging the queue. 0 events
2015-11-10 15:27:11 5732 [Note] InnoDB: FTS optimize thread exiting.
2015-11-10 15:27:11 5152 [Note] InnoDB: Starting shutdown...
2015-11-10 15:27:13 5152 [Note] InnoDB: Shutdown completed; log sequence number 1835037
2015-11-10 15:27:13 5152 [Note] C:\xampp\mysql\bin\mysqld.exe: Shutdown complete

2017-12-11 21:03:53 2224 InnoDB: Warning: Using innodb_additional_mem_pool_size is DEPRECATED. This option may be removed in future releases, together with the option innodb_use_sys_malloc and with the InnoDB's internal memory allocator.
2017-12-11 21:03:53 8740 [Note] InnoDB: innodb_empty_free_list_algorithm has been changed to legacy because of small buffer pool size. In order to use backoff, increase buffer pool at least up to 20MB.

2017-12-11 21:03:53 8740 [Note] InnoDB: Using mutexes to ref count buffer pool pages
2017-12-11 21:03:53 8740 [Note] InnoDB: The InnoDB memory heap is disabled
2017-12-11 21:03:53 8740 [Note] InnoDB: Mutexes and rw_locks use Windows interlocked functions
2017-12-11 21:03:53 8740 [Note] InnoDB: _mm_lfence() and _mm_sfence() are used for memory barrier
2017-12-11 21:03:53 8740 [Note] InnoDB: Compressed tables use zlib 1.2.3
2017-12-11 21:03:53 8740 [Note] InnoDB: Using generic crc32 instructions
2017-12-11 21:03:53 8740 [Note] InnoDB: Initializing buffer pool, size = 16.0M
2017-12-11 21:03:53 8740 [Note] InnoDB: Completed initialization of buffer pool
2017-12-11 21:03:53 8740 [Note] InnoDB: Highest supported file format is Barracuda.
2017-12-11 21:03:53 8740 [Note] InnoDB: 128 rollback segment(s) are active.
2017-12-11 21:03:53 8740 [Note] InnoDB: Waiting for purge to start
2017-12-11 21:03:53 8740 [Note] InnoDB:  Percona XtraDB (http://www.percona.com) 5.6.36-82.2 started; log sequence number 1835037
2017-12-11 21:03:53 4148 [Note] InnoDB: Dumping buffer pool(s) not yet started
2017-12-11 21:03:53 8740 [Note] Plugin 'FEEDBACK' is disabled.
2017-12-11 21:03:53 8740 [Note] Server socket created on IP: '::'.
2017-12-11 21:03:53 8740 [Note] C:\web\mysql\bin\mysqld.exe: ready for connections.
Version: '10.1.28-MariaDB'  socket: ''  port: 3306  mariadb.org binary distribution
2017-12-11 21:04:44 1892 [Note] C:\web\mysql\bin\mysqld.exe: Normal shutdown

2017-12-11 21:04:44 1892 [Note] Event Scheduler: Purging the queue. 0 events
2017-12-11 21:04:44 4140 [Note] InnoDB: FTS optimize thread exiting.
2017-12-11 21:04:44 1892 [Note] InnoDB: Starting shutdown...
2017-12-11 21:04:45 1892 [Note] InnoDB: Waiting for page_cleaner to finish flushing of buffer pool
2017-12-11 21:04:46 1892 [Note] InnoDB: Shutdown completed; log sequence number 1835047
2017-12-11 21:04:46 1892 [Note] C:\web\mysql\bin\mysqld.exe: Shutdown complete

2017-12-11 21:04:59 1ab0 InnoDB: Warning: Using innodb_additional_mem_pool_size is DEPRECATED. This option may be removed in future releases, together with the option innodb_use_sys_malloc and with the InnoDB's internal memory allocator.
2017-12-11 21:04:59 6832 [Note] InnoDB: innodb_empty_free_list_algorithm has been changed to legacy because of small buffer pool size. In order to use backoff, increase buffer pool at least up to 20MB.

2017-12-11 21:04:59 6832 [Note] InnoDB: Using mutexes to ref count buffer pool pages
2017-12-11 21:04:59 6832 [Note] InnoDB: The InnoDB memory heap is disabled
2017-12-11 21:04:59 6832 [Note] InnoDB: Mutexes and rw_locks use Windows interlocked functions
2017-12-11 21:04:59 6832 [Note] InnoDB: _mm_lfence() and _mm_sfence() are used for memory barrier
2017-12-11 21:04:59 6832 [Note] InnoDB: Compressed tables use zlib 1.2.3
2017-12-11 21:04:59 6832 [Note] InnoDB: Using generic crc32 instructions
2017-12-11 21:04:59 6832 [Note] InnoDB: Initializing buffer pool, size = 16.0M
2017-12-11 21:04:59 6832 [Note] InnoDB: Completed initialization of buffer pool
2017-12-11 21:04:59 6832 [Note] InnoDB: Highest supported file format is Barracuda.
2017-12-11 21:04:59 6832 [Note] InnoDB: 128 rollback segment(s) are active.
2017-12-11 21:04:59 6832 [Note] InnoDB: Waiting for purge to start
2017-12-11 21:04:59 6832 [Note] InnoDB:  Percona XtraDB (http://www.percona.com) 5.6.36-82.2 started; log sequence number 1835047
2017-12-11 21:04:59 8912 [Note] InnoDB: Dumping buffer pool(s) not yet started
2017-12-11 21:04:59 6832 [Note] Plugin 'FEEDBACK' is disabled.
2017-12-11 21:04:59 6832 [Note] Server socket created on IP: '::'.
2017-12-11 21:04:59 6832 [Note] C:\web\mysql\bin\mysqld.exe: ready for connections.
Version: '10.1.28-MariaDB'  socket: ''  port: 3306  mariadb.org binary distribution
2017-12-11 21:10:38 4752 [Note] C:\web\mysql\bin\mysqld.exe: Normal shutdown

2017-12-11 21:10:38 4752 [Note] Event Scheduler: Purging the queue. 0 events
2017-12-11 21:10:38 6740 [Note] InnoDB: FTS optimize thread exiting.
2017-12-11 21:10:38 4752 [Note] InnoDB: Starting shutdown...
2017-12-11 21:10:39 4752 [Note] InnoDB: Waiting for page_cleaner to finish flushing of buffer pool
2017-12-11 21:10:40 4752 [Note] InnoDB: Shutdown completed; log sequence number 1835057
2017-12-11 21:10:40 4752 [Note] C:\web\mysql\bin\mysqld.exe: Shutdown complete

2017-12-11 21:10:47 1ed0 InnoDB: Warning: Using innodb_additional_mem_pool_size is DEPRECATED. This option may be removed in future releases, together with the option innodb_use_sys_malloc and with the InnoDB's internal memory allocator.
2017-12-11 21:10:47 7888 [Note] InnoDB: innodb_empty_free_list_algorithm has been changed to legacy because of small buffer pool size. In order to use backoff, increase buffer pool at least up to 20MB.

2017-12-11 21:10:47 7888 [Note] InnoDB: Using mutexes to ref count buffer pool pages
2017-12-11 21:10:47 7888 [Note] InnoDB: The InnoDB memory heap is disabled
2017-12-11 21:10:47 7888 [Note] InnoDB: Mutexes and rw_locks use Windows interlocked functions
2017-12-11 21:10:47 7888 [Note] InnoDB: _mm_lfence() and _mm_sfence() are used for memory barrier
2017-12-11 21:10:47 7888 [Note] InnoDB: Compressed tables use zlib 1.2.3
2017-12-11 21:10:47 7888 [Note] InnoDB: Using generic crc32 instructions
2017-12-11 21:10:47 7888 [Note] InnoDB: Initializing buffer pool, size = 16.0M
2017-12-11 21:10:47 7888 [Note] InnoDB: Completed initialization of buffer pool
2017-12-11 21:10:47 7888 [Note] InnoDB: Highest supported file format is Barracuda.
2017-12-11 21:10:47 7888 [Note] InnoDB: 128 rollback segment(s) are active.
2017-12-11 21:10:47 7888 [Note] InnoDB: Waiting for purge to start
2017-12-11 21:10:47 7888 [Note] InnoDB:  Percona XtraDB (http://www.percona.com) 5.6.36-82.2 started; log sequence number 1835057
2017-12-11 21:10:47 5796 [Note] InnoDB: Dumping buffer pool(s) not yet started
2017-12-11 21:10:47 7888 [Note] Plugin 'FEEDBACK' is disabled.
2017-12-11 21:10:47 7888 [Note] Server socket created on IP: '::'.
2017-12-11 21:10:47 7888 [Note] C:\web\mysql\bin\mysqld.exe: ready for connections.
Version: '10.1.28-MariaDB'  socket: ''  port: 3306  mariadb.org binary distribution
2017-12-11 21:12:58 9152 [Note] C:\web\mysql\bin\mysqld.exe: Normal shutdown

2017-12-11 21:12:58 9152 [Note] Event Scheduler: Purging the queue. 0 events
2017-12-11 21:12:58 5056 [Note] InnoDB: FTS optimize thread exiting.
2017-12-11 21:12:58 9152 [Note] InnoDB: Starting shutdown...
2017-12-11 21:12:58 9152 [Note] InnoDB: Waiting for page_cleaner to finish flushing of buffer pool
2017-12-11 21:12:59 9152 [Note] InnoDB: Shutdown completed; log sequence number 1836228
2017-12-11 21:12:59 9152 [Note] C:\web\mysql\bin\mysqld.exe: Shutdown complete

2017-12-12 08:44:00 2020 InnoDB: Warning: Using innodb_additional_mem_pool_size is DEPRECATED. This option may be removed in future releases, together with the option innodb_use_sys_malloc and with the InnoDB's internal memory allocator.
2017-12-12  8:44:00 8224 [Note] InnoDB: innodb_empty_free_list_algorithm has been changed to legacy because of small buffer pool size. In order to use backoff, increase buffer pool at least up to 20MB.

2017-12-12  8:44:00 8224 [Note] InnoDB: Using mutexes to ref count buffer pool pages
2017-12-12  8:44:00 8224 [Note] InnoDB: The InnoDB memory heap is disabled
2017-12-12  8:44:00 8224 [Note] InnoDB: Mutexes and rw_locks use Windows interlocked functions
2017-12-12  8:44:00 8224 [Note] InnoDB: _mm_lfence() and _mm_sfence() are used for memory barrier
2017-12-12  8:44:00 8224 [Note] InnoDB: Compressed tables use zlib 1.2.3
2017-12-12  8:44:00 8224 [Note] InnoDB: Using generic crc32 instructions
2017-12-12  8:44:00 8224 [Note] InnoDB: Initializing buffer pool, size = 16.0M
2017-12-12  8:44:00 8224 [Note] InnoDB: Completed initialization of buffer pool
2017-12-12  8:44:00 8224 [Note] InnoDB: Highest supported file format is Barracuda.
2017-12-12  8:44:00 8224 [Note] InnoDB: 128 rollback segment(s) are active.
2017-12-12  8:44:00 8224 [Note] InnoDB: Waiting for purge to start
2017-12-12  8:44:00 8224 [Note] InnoDB:  Percona XtraDB (http://www.percona.com) 5.6.36-82.2 started; log sequence number 1860267
2017-12-12  8:44:00 2124 [Note] InnoDB: Dumping buffer pool(s) not yet started
2017-12-12  8:44:00 8224 [Note] Plugin 'FEEDBACK' is disabled.
2017-12-12  8:44:00 8224 [Note] Server socket created on IP: '::'.
2017-12-12  8:44:00 8224 [Note] C:\web\mysql\bin\mysqld.exe: ready for connections.
Version: '10.1.28-MariaDB'  socket: ''  port: 3306  mariadb.org binary distribution
2017-12-12  8:50:33 2412 [Warning] InnoDB: Orphan table encountered during DROP DATABASE. This is possible if 'line/users.frm' was lost.
2017-12-12  9:00:41 4100 [Note] C:\web\mysql\bin\mysqld.exe: Normal shutdown

2017-12-12  9:00:41 4100 [Note] Event Scheduler: Purging the queue. 0 events
2017-12-12  9:00:41 4620 [Note] InnoDB: FTS optimize thread exiting.
2017-12-12  9:00:41 4100 [Note] InnoDB: Starting shutdown...
2017-12-12  9:00:41 4100 [Note] InnoDB: Waiting for page_cleaner to finish flushing of buffer pool
2017-12-12  9:00:43 4100 [Note] InnoDB: Shutdown completed; log sequence number 1870211
2017-12-12  9:00:43 4100 [Note] C:\web\mysql\bin\mysqld.exe: Shutdown complete

2017-12-12 09:01:08 34c InnoDB: Warning: Using innodb_additional_mem_pool_size is DEPRECATED. This option may be removed in future releases, together with the option innodb_use_sys_malloc and with the InnoDB's internal memory allocator.
2017-12-12  9:01:08 844 [Note] InnoDB: innodb_empty_free_list_algorithm has been changed to legacy because of small buffer pool size. In order to use backoff, increase buffer pool at least up to 20MB.

2017-12-12  9:01:08 844 [Note] InnoDB: Using mutexes to ref count buffer pool pages
2017-12-12  9:01:08 844 [Note] InnoDB: The InnoDB memory heap is disabled
2017-12-12  9:01:08 844 [Note] InnoDB: Mutexes and rw_locks use Windows interlocked functions
2017-12-12  9:01:08 844 [Note] InnoDB: _mm_lfence() and _mm_sfence() are used for memory barrier
2017-12-12  9:01:08 844 [Note] InnoDB: Compressed tables use zlib 1.2.3
2017-12-12  9:01:08 844 [Note] InnoDB: Using generic crc32 instructions
2017-12-12  9:01:08 844 [Note] InnoDB: Initializing buffer pool, size = 16.0M
2017-12-12  9:01:08 844 [Note] InnoDB: Completed initialization of buffer pool
2017-12-12  9:01:08 844 [Note] InnoDB: Highest supported file format is Barracuda.
2017-12-12  9:01:09 844 [Note] InnoDB: 128 rollback segment(s) are active.
2017-12-12  9:01:09 844 [Note] InnoDB: Waiting for purge to start
2017-12-12  9:01:09 844 [Note] InnoDB:  Percona XtraDB (http://www.percona.com) 5.6.36-82.2 started; log sequence number 1870211
2017-12-12  9:01:09 7260 [Note] InnoDB: Dumping buffer pool(s) not yet started
2017-12-12  9:01:09 844 [Note] Plugin 'FEEDBACK' is disabled.
2017-12-12  9:01:09 844 [Note] Server socket created on IP: '::'.
2017-12-12  9:01:09 844 [Note] C:\web\mysql\bin\mysqld.exe: ready for connections.
Version: '10.1.28-MariaDB'  socket: ''  port: 3306  mariadb.org binary distribution
2017-12-12 13:59:45 6852 [Note] C:\web\mysql\bin\mysqld.exe: Normal shutdown

2017-12-12 13:59:45 6852 [Note] Event Scheduler: Purging the queue. 0 events
2017-12-12 13:59:45 3084 [Note] InnoDB: FTS optimize thread exiting.
2017-12-12 13:59:45 6852 [Note] InnoDB: Starting shutdown...
2017-12-12 13:59:45 6852 [Note] InnoDB: Waiting for page_cleaner to finish flushing of buffer pool
2017-12-12 13:59:47 6852 [Note] InnoDB: Shutdown completed; log sequence number 1876098
2017-12-12 13:59:47 6852 [Note] C:\web\mysql\bin\mysqld.exe: Shutdown complete

2017-12-12 13:59:52 2168 InnoDB: Warning: Using innodb_additional_mem_pool_size is DEPRECATED. This option may be removed in future releases, together with the option innodb_use_sys_malloc and with the InnoDB's internal memory allocator.
2017-12-12 13:59:52 8552 [Note] InnoDB: innodb_empty_free_list_algorithm has been changed to legacy because of small buffer pool size. In order to use backoff, increase buffer pool at least up to 20MB.

2017-12-12 13:59:52 8552 [Note] InnoDB: Using mutexes to ref count buffer pool pages
2017-12-12 13:59:52 8552 [Note] InnoDB: The InnoDB memory heap is disabled
2017-12-12 13:59:52 8552 [Note] InnoDB: Mutexes and rw_locks use Windows interlocked functions
2017-12-12 13:59:52 8552 [Note] InnoDB: _mm_lfence() and _mm_sfence() are used for memory barrier
2017-12-12 13:59:52 8552 [Note] InnoDB: Compressed tables use zlib 1.2.3
2017-12-12 13:59:52 8552 [Note] InnoDB: Using generic crc32 instructions
2017-12-12 13:59:52 8552 [Note] InnoDB: Initializing buffer pool, size = 16.0M
2017-12-12 13:59:52 8552 [Note] InnoDB: Completed initialization of buffer pool
2017-12-12 13:59:52 8552 [Note] InnoDB: Highest supported file format is Barracuda.
2017-12-12 13:59:52 8552 [Note] InnoDB: 128 rollback segment(s) are active.
2017-12-12 13:59:52 8552 [Note] InnoDB: Waiting for purge to start
2017-12-12 13:59:52 8552 [Note] InnoDB:  Percona XtraDB (http://www.percona.com) 5.6.36-82.2 started; log sequence number 1876098
2017-12-12 13:59:52 7084 [Note] InnoDB: Dumping buffer pool(s) not yet started
2017-12-12 13:59:52 8552 [Note] Plugin 'FEEDBACK' is disabled.
2017-12-12 13:59:52 8552 [Note] Server socket created on IP: '::'.
2017-12-12 13:59:53 8552 [Note] C:\web\mysql\bin\mysqld.exe: ready for connections.
Version: '10.1.28-MariaDB'  socket: ''  port: 3306  mariadb.org binary distribution
2017-12-12 14:00:01 9024 [Note] C:\web\mysql\bin\mysqld.exe: Normal shutdown

2017-12-12 14:00:01 9024 [Note] Event Scheduler: Purging the queue. 0 events
2017-12-12 14:00:01 8908 [Note] InnoDB: FTS optimize thread exiting.
2017-12-12 14:00:01 9024 [Note] InnoDB: Starting shutdown...
2017-12-12 14:00:02 9024 [Note] InnoDB: Waiting for page_cleaner to finish flushing of buffer pool
2017-12-12 14:00:04 9024 [Note] InnoDB: Shutdown completed; log sequence number 1876108
2017-12-12 14:00:04 9024 [Note] C:\web\mysql\bin\mysqld.exe: Shutdown complete

2017-12-12 14:00:30 f88 InnoDB: Warning: Using innodb_additional_mem_pool_size is DEPRECATED. This option may be removed in future releases, together with the option innodb_use_sys_malloc and with the InnoDB's internal memory allocator.
2017-12-12 14:00:30 3976 [Note] InnoDB: innodb_empty_free_list_algorithm has been changed to legacy because of small buffer pool size. In order to use backoff, increase buffer pool at least up to 20MB.

2017-12-12 14:00:30 3976 [Note] InnoDB: Using mutexes to ref count buffer pool pages
2017-12-12 14:00:30 3976 [Note] InnoDB: The InnoDB memory heap is disabled
2017-12-12 14:00:30 3976 [Note] InnoDB: Mutexes and rw_locks use Windows interlocked functions
2017-12-12 14:00:30 3976 [Note] InnoDB: _mm_lfence() and _mm_sfence() are used for memory barrier
2017-12-12 14:00:30 3976 [Note] InnoDB: Compressed tables use zlib 1.2.3
2017-12-12 14:00:30 3976 [Note] InnoDB: Using generic crc32 instructions
2017-12-12 14:00:30 3976 [Note] InnoDB: Initializing buffer pool, size = 16.0M
2017-12-12 14:00:30 3976 [Note] InnoDB: Completed initialization of buffer pool
2017-12-12 14:00:30 3976 [Note] InnoDB: Highest supported file format is Barracuda.
2017-12-12 14:00:30 3976 [Note] InnoDB: 128 rollback segment(s) are active.
2017-12-12 14:00:30 3976 [Note] InnoDB: Waiting for purge to start
2017-12-12 14:00:30 3976 [Note] InnoDB:  Percona XtraDB (http://www.percona.com) 5.6.36-82.2 started; log sequence number 1876108
2017-12-12 14:00:30 8592 [Note] InnoDB: Dumping buffer pool(s) not yet started
2017-12-12 14:00:30 3976 [Note] Plugin 'FEEDBACK' is disabled.
2017-12-12 14:00:30 3976 [Note] Server socket created on IP: '::'.
2017-12-12 14:00:30 3976 [Note] C:\web\mysql\bin\mysqld.exe: ready for connections.
Version: '10.1.28-MariaDB'  socket: ''  port: 3306  mariadb.org binary distribution
2017-12-12 19:31:23 9128 [Note] C:\web\mysql\bin\mysqld.exe: Normal shutdown

2017-12-12 19:31:23 9128 [Note] Event Scheduler: Purging the queue. 0 events
2017-12-12 19:31:23 5400 [Note] InnoDB: FTS optimize thread exiting.
2017-12-12 19:31:23 9128 [Note] InnoDB: Starting shutdown...
2017-12-12 19:31:24 9128 [Note] InnoDB: Waiting for page_cleaner to finish flushing of buffer pool
2017-12-12 19:31:25 9128 [Note] InnoDB: Shutdown completed; log sequence number 1876118
2017-12-12 19:31:25 9128 [Note] C:\web\mysql\bin\mysqld.exe: Shutdown complete

2017-12-12 19:31:45 8a8 InnoDB: Warning: Using innodb_additional_mem_pool_size is DEPRECATED. This option may be removed in future releases, together with the option innodb_use_sys_malloc and with the InnoDB's internal memory allocator.
2017-12-12 19:31:45 2216 [Note] InnoDB: innodb_empty_free_list_algorithm has been changed to legacy because of small buffer pool size. In order to use backoff, increase buffer pool at least up to 20MB.

2017-12-12 19:31:46 2216 [Note] InnoDB: Using mutexes to ref count buffer pool pages
2017-12-12 19:31:46 2216 [Note] InnoDB: The InnoDB memory heap is disabled
2017-12-12 19:31:46 2216 [Note] InnoDB: Mutexes and rw_locks use Windows interlocked functions
2017-12-12 19:31:46 2216 [Note] InnoDB: _mm_lfence() and _mm_sfence() are used for memory barrier
2017-12-12 19:31:46 2216 [Note] InnoDB: Compressed tables use zlib 1.2.3
2017-12-12 19:31:46 2216 [Note] InnoDB: Using generic crc32 instructions
2017-12-12 19:31:46 2216 [Note] InnoDB: Initializing buffer pool, size = 16.0M
2017-12-12 19:31:46 2216 [Note] InnoDB: Completed initialization of buffer pool
2017-12-12 19:31:46 2216 [Note] InnoDB: Highest supported file format is Barracuda.
2017-12-12 19:31:46 2216 [Note] InnoDB: 128 rollback segment(s) are active.
2017-12-12 19:31:46 2216 [Note] InnoDB: Waiting for purge to start
2017-12-12 19:31:46 2216 [Note] InnoDB:  Percona XtraDB (http://www.percona.com) 5.6.36-82.2 started; log sequence number 1876118
2017-12-12 19:31:46 4488 [Note] InnoDB: Dumping buffer pool(s) not yet started
2017-12-12 19:31:46 2216 [Note] Plugin 'FEEDBACK' is disabled.
2017-12-12 19:31:46 2216 [Note] Server socket created on IP: '::'.
2017-12-12 19:31:46 2216 [Note] C:\web\mysql\bin\mysqld.exe: ready for connections.
Version: '10.1.28-MariaDB'  socket: ''  port: 3306  mariadb.org binary distribution
2017-12-12 21:24:03 6756 [Note] C:\web\mysql\bin\mysqld.exe: Normal shutdown

2017-12-12 21:24:03 6756 [Note] Event Scheduler: Purging the queue. 0 events
2017-12-12 21:24:03 3288 [Note] InnoDB: FTS optimize thread exiting.
2017-12-12 21:24:03 6756 [Note] InnoDB: Starting shutdown...
2017-12-12 21:24:05 6756 [Note] InnoDB: Waiting for page_cleaner to finish flushing of buffer pool
2017-12-12 21:24:06 6756 [Note] InnoDB: Shutdown completed; log sequence number 1937374
2017-12-12 21:24:06 6756 [Note] C:\web\mysql\bin\mysqld.exe: Shutdown complete

2017-12-12 21:24:41 1b00 InnoDB: Warning: Using innodb_additional_mem_pool_size is DEPRECATED. This option may be removed in future releases, together with the option innodb_use_sys_malloc and with the InnoDB's internal memory allocator.
2017-12-12 21:24:41 6912 [Note] InnoDB: innodb_empty_free_list_algorithm has been changed to legacy because of small buffer pool size. In order to use backoff, increase buffer pool at least up to 20MB.

2017-12-12 21:24:41 6912 [Note] InnoDB: Using mutexes to ref count buffer pool pages
2017-12-12 21:24:41 6912 [Note] InnoDB: The InnoDB memory heap is disabled
2017-12-12 21:24:41 6912 [Note] InnoDB: Mutexes and rw_locks use Windows interlocked functions
2017-12-12 21:24:41 6912 [Note] InnoDB: _mm_lfence() and _mm_sfence() are used for memory barrier
2017-12-12 21:24:41 6912 [Note] InnoDB: Compressed tables use zlib 1.2.3
2017-12-12 21:24:41 6912 [Note] InnoDB: Using generic crc32 instructions
2017-12-12 21:24:41 6912 [Note] InnoDB: Initializing buffer pool, size = 16.0M
2017-12-12 21:24:41 6912 [Note] InnoDB: Completed initialization of buffer pool
2017-12-12 21:24:41 6912 [Note] InnoDB: Highest supported file format is Barracuda.
2017-12-12 21:24:41 6912 [Note] InnoDB: 128 rollback segment(s) are active.
2017-12-12 21:24:41 6912 [Note] InnoDB: Waiting for purge to start
2017-12-12 21:24:41 6912 [Note] InnoDB:  Percona XtraDB (http://www.percona.com) 5.6.36-82.2 started; log sequence number 1937374
2017-12-12 21:24:41 4344 [Note] InnoDB: Dumping buffer pool(s) not yet started
2017-12-12 21:24:41 6912 [Note] Plugin 'FEEDBACK' is disabled.
2017-12-12 21:24:41 6912 [Note] Server socket created on IP: '::'.
2017-12-12 21:24:41 6912 [Note] C:\web\mysql\bin\mysqld.exe: ready for connections.
Version: '10.1.28-MariaDB'  socket: ''  port: 3306  mariadb.org binary distribution
2017-12-12 23:01:43 5780 [Note] C:\web\mysql\bin\mysqld.exe: Normal shutdown

2017-12-12 23:01:43 5780 [Note] Event Scheduler: Purging the queue. 0 events
2017-12-12 23:01:43 8552 [Note] InnoDB: FTS optimize thread exiting.
2017-12-12 23:01:43 5780 [Note] InnoDB: Starting shutdown...
2017-12-12 23:01:44 5780 [Note] InnoDB: Waiting for page_cleaner to finish flushing of buffer pool
2017-12-12 23:01:45 5780 [Note] InnoDB: Shutdown completed; log sequence number 1962359
2017-12-12 23:01:45 5780 [Note] C:\web\mysql\bin\mysqld.exe: Shutdown complete

2017-12-12 23:02:11 878 InnoDB: Warning: Using innodb_additional_mem_pool_size is DEPRECATED. This option may be removed in future releases, together with the option innodb_use_sys_malloc and with the InnoDB's internal memory allocator.
2017-12-12 23:02:11 2168 [Note] InnoDB: innodb_empty_free_list_algorithm has been changed to legacy because of small buffer pool size. In order to use backoff, increase buffer pool at least up to 20MB.

2017-12-12 23:02:11 2168 [Note] InnoDB: Using mutexes to ref count buffer pool pages
2017-12-12 23:02:11 2168 [Note] InnoDB: The InnoDB memory heap is disabled
2017-12-12 23:02:11 2168 [Note] InnoDB: Mutexes and rw_locks use Windows interlocked functions
2017-12-12 23:02:11 2168 [Note] InnoDB: _mm_lfence() and _mm_sfence() are used for memory barrier
2017-12-12 23:02:11 2168 [Note] InnoDB: Compressed tables use zlib 1.2.3
2017-12-12 23:02:11 2168 [Note] InnoDB: Using generic crc32 instructions
2017-12-12 23:02:11 2168 [Note] InnoDB: Initializing buffer pool, size = 16.0M
2017-12-12 23:02:11 2168 [Note] InnoDB: Completed initialization of buffer pool
2017-12-12 23:02:11 2168 [Note] InnoDB: Highest supported file format is Barracuda.
2017-12-12 23:02:12 2168 [Note] InnoDB: 128 rollback segment(s) are active.
2017-12-12 23:02:12 2168 [Note] InnoDB: Waiting for purge to start
2017-12-12 23:02:12 2168 [Note] InnoDB:  Percona XtraDB (http://www.percona.com) 5.6.36-82.2 started; log sequence number 1962359
2017-12-12 23:02:12 2876 [Note] InnoDB: Dumping buffer pool(s) not yet started
2017-12-12 23:02:12 2168 [Note] Plugin 'FEEDBACK' is disabled.
2017-12-12 23:02:12 2168 [Note] Server socket created on IP: '::'.
2017-12-12 23:02:12 2168 [Note] C:\web\mysql\bin\mysqld.exe: ready for connections.
Version: '10.1.28-MariaDB'  socket: ''  port: 3306  mariadb.org binary distribution
2017-12-13  6:59:57 4444 [ERROR] Incorrect definition of table mysql.column_stats: expected column 'min_value' at position 3 to have type varbinary(255), found type varchar(255).
2017-12-13  6:59:57 4444 [ERROR] Incorrect definition of table mysql.column_stats: expected column 'max_value' at position 4 to have type varbinary(255), found type varchar(255).
2017-12-13 12:42:01 4784 [Note] C:\web\mysql\bin\mysqld.exe: Normal shutdown

2017-12-13 12:42:01 4784 [Note] Event Scheduler: Purging the queue. 0 events
2017-12-13 12:42:01 548 [Note] InnoDB: FTS optimize thread exiting.
2017-12-13 12:42:01 4784 [Note] InnoDB: Starting shutdown...
2017-12-13 12:42:02 4784 [Note] InnoDB: Waiting for page_cleaner to finish flushing of buffer pool
2017-12-13 12:42:03 4784 [Note] InnoDB: Shutdown completed; log sequence number 2194243
2017-12-13 12:42:03 4784 [Note] C:\web\mysql\bin\mysqld.exe: Shutdown complete

2017-12-13 12:42:10 908 InnoDB: Warning: Using innodb_additional_mem_pool_size is DEPRECATED. This option may be removed in future releases, together with the option innodb_use_sys_malloc and with the InnoDB's internal memory allocator.
2017-12-13 12:42:10 2312 [Note] InnoDB: innodb_empty_free_list_algorithm has been changed to legacy because of small buffer pool size. In order to use backoff, increase buffer pool at least up to 20MB.

2017-12-13 12:42:10 2312 [Note] InnoDB: Using mutexes to ref count buffer pool pages
2017-12-13 12:42:10 2312 [Note] InnoDB: The InnoDB memory heap is disabled
2017-12-13 12:42:10 2312 [Note] InnoDB: Mutexes and rw_locks use Windows interlocked functions
2017-12-13 12:42:10 2312 [Note] InnoDB: _mm_lfence() and _mm_sfence() are used for memory barrier
2017-12-13 12:42:10 2312 [Note] InnoDB: Compressed tables use zlib 1.2.3
2017-12-13 12:42:10 2312 [Note] InnoDB: Using generic crc32 instructions
2017-12-13 12:42:10 2312 [Note] InnoDB: Initializing buffer pool, size = 16.0M
2017-12-13 12:42:10 2312 [Note] InnoDB: Completed initialization of buffer pool
2017-12-13 12:42:10 2312 [Note] InnoDB: Highest supported file format is Barracuda.
2017-12-13 12:42:11 2312 [Note] InnoDB: 128 rollback segment(s) are active.
2017-12-13 12:42:11 2312 [Note] InnoDB: Waiting for purge to start
2017-12-13 12:42:11 2312 [Note] InnoDB:  Percona XtraDB (http://www.percona.com) 5.6.36-82.2 started; log sequence number 2194243
2017-12-13 12:42:11 6304 [Note] InnoDB: Dumping buffer pool(s) not yet started
2017-12-13 12:42:11 2312 [Note] Plugin 'FEEDBACK' is disabled.
2017-12-13 12:42:11 2312 [Note] Server socket created on IP: '::'.
2017-12-13 12:42:11 2312 [Note] C:\web\mysql\bin\mysqld.exe: ready for connections.
Version: '10.1.28-MariaDB'  socket: ''  port: 3306  mariadb.org binary distribution
2017-12-13 19:50:09 1636 [Note] C:\web\mysql\bin\mysqld.exe: Normal shutdown

2017-12-13 19:50:09 1636 [Note] Event Scheduler: Purging the queue. 0 events
2017-12-13 19:50:09 7452 [Note] InnoDB: FTS optimize thread exiting.
2017-12-13 19:50:09 1636 [Note] InnoDB: Starting shutdown...
2017-12-13 19:50:10 1636 [Note] InnoDB: Waiting for page_cleaner to finish flushing of buffer pool
2017-12-13 19:50:11 1636 [Note] InnoDB: Shutdown completed; log sequence number 2253971
2017-12-13 19:50:11 1636 [Note] C:\web\mysql\bin\mysqld.exe: Shutdown complete

2017-12-13 19:58:14 17f0 InnoDB: Warning: Using innodb_additional_mem_pool_size is DEPRECATED. This option may be removed in future releases, together with the option innodb_use_sys_malloc and with the InnoDB's internal memory allocator.
2017-12-13 19:58:14 6128 [Note] InnoDB: innodb_empty_free_list_algorithm has been changed to legacy because of small buffer pool size. In order to use backoff, increase buffer pool at least up to 20MB.

2017-12-13 19:58:14 6128 [Note] InnoDB: Using mutexes to ref count buffer pool pages
2017-12-13 19:58:14 6128 [Note] InnoDB: The InnoDB memory heap is disabled
2017-12-13 19:58:14 6128 [Note] InnoDB: Mutexes and rw_locks use Windows interlocked functions
2017-12-13 19:58:14 6128 [Note] InnoDB: _mm_lfence() and _mm_sfence() are used for memory barrier
2017-12-13 19:58:14 6128 [Note] InnoDB: Compressed tables use zlib 1.2.3
2017-12-13 19:58:14 6128 [Note] InnoDB: Using generic crc32 instructions
2017-12-13 19:58:14 6128 [Note] InnoDB: Initializing buffer pool, size = 16.0M
2017-12-13 19:58:14 6128 [Note] InnoDB: Completed initialization of buffer pool
2017-12-13 19:58:14 6128 [Note] InnoDB: Highest supported file format is Barracuda.
2017-12-13 19:58:14 6128 [Note] InnoDB: 128 rollback segment(s) are active.
2017-12-13 19:58:14 6128 [Note] InnoDB: Waiting for purge to start
2017-12-13 19:58:14 6128 [Note] InnoDB:  Percona XtraDB (http://www.percona.com) 5.6.36-82.2 started; log sequence number 2253971
2017-12-13 19:58:14 4388 [Note] InnoDB: Dumping buffer pool(s) not yet started
2017-12-13 19:58:14 6128 [Note] Plugin 'FEEDBACK' is disabled.
2017-12-13 19:58:14 6128 [Note] Server socket created on IP: '::'.
2017-12-13 19:58:14 6128 [Note] C:\web\mysql\bin\mysqld.exe: ready for connections.
Version: '10.1.28-MariaDB'  socket: ''  port: 3306  mariadb.org binary distribution
2017-12-13 20:01:25 1340 [Note] C:\web\mysql\bin\mysqld.exe: Normal shutdown

2017-12-13 20:01:25 1340 [Note] Event Scheduler: Purging the queue. 0 events
2017-12-13 20:01:25 8516 [Note] InnoDB: FTS optimize thread exiting.
2017-12-13 20:01:25 1340 [Note] InnoDB: Starting shutdown...
2017-12-13 20:01:26 1340 [Note] InnoDB: Waiting for page_cleaner to finish flushing of buffer pool
2017-12-13 20:01:28 1340 [Note] InnoDB: Shutdown completed; log sequence number 2259686
2017-12-13 20:01:28 1340 [Note] C:\web\mysql\bin\mysqld.exe: Shutdown complete

2017-12-13 20:03:32 6cc InnoDB: Warning: Using innodb_additional_mem_pool_size is DEPRECATED. This option may be removed in future releases, together with the option innodb_use_sys_malloc and with the InnoDB's internal memory allocator.
2017-12-13 20:03:32 1740 [Note] InnoDB: innodb_empty_free_list_algorithm has been changed to legacy because of small buffer pool size. In order to use backoff, increase buffer pool at least up to 20MB.

2017-12-13 20:03:33 1740 [Note] InnoDB: Using mutexes to ref count buffer pool pages
2017-12-13 20:03:33 1740 [Note] InnoDB: The InnoDB memory heap is disabled
2017-12-13 20:03:33 1740 [Note] InnoDB: Mutexes and rw_locks use Windows interlocked functions
2017-12-13 20:03:33 1740 [Note] InnoDB: _mm_lfence() and _mm_sfence() are used for memory barrier
2017-12-13 20:03:33 1740 [Note] InnoDB: Compressed tables use zlib 1.2.3
2017-12-13 20:03:33 1740 [Note] InnoDB: Using generic crc32 instructions
2017-12-13 20:03:33 1740 [Note] InnoDB: Initializing buffer pool, size = 16.0M
2017-12-13 20:03:33 1740 [Note] InnoDB: Completed initialization of buffer pool
2017-12-13 20:03:33 1740 [Note] InnoDB: Highest supported file format is Barracuda.
2017-12-13 20:03:33 1740 [Note] InnoDB: 128 rollback segment(s) are active.
2017-12-13 20:03:33 1740 [Note] InnoDB: Waiting for purge to start
2017-12-13 20:03:33 1740 [Note] InnoDB:  Percona XtraDB (http://www.percona.com) 5.6.36-82.2 started; log sequence number 2259686
2017-12-13 20:03:33 5180 [Note] InnoDB: Dumping buffer pool(s) not yet started
2017-12-13 20:03:33 1740 [Note] Plugin 'FEEDBACK' is disabled.
2017-12-13 20:03:33 1740 [Note] Server socket created on IP: '::'.
2017-12-13 20:03:33 1740 [Note] C:\web\mysql\bin\mysqld.exe: ready for connections.
Version: '10.1.28-MariaDB'  socket: ''  port: 3306  mariadb.org binary distribution
2017-12-13 22:44:16 6100 [Note] C:\web\mysql\bin\mysqld.exe: Normal shutdown

2017-12-13 22:44:16 6100 [Note] Event Scheduler: Purging the queue. 0 events
2017-12-13 22:44:16 6692 [Note] InnoDB: FTS optimize thread exiting.
2017-12-13 22:44:16 6100 [Note] InnoDB: Starting shutdown...
2017-12-13 22:44:16 6100 [Note] InnoDB: Waiting for page_cleaner to finish flushing of buffer pool
2017-12-13 22:44:18 6100 [Note] InnoDB: Shutdown completed; log sequence number 2318148
2017-12-13 22:44:18 6100 [Note] C:\web\mysql\bin\mysqld.exe: Shutdown complete

2017-12-13 22:44:21 1668 InnoDB: Warning: Using innodb_additional_mem_pool_size is DEPRECATED. This option may be removed in future releases, together with the option innodb_use_sys_malloc and with the InnoDB's internal memory allocator.
2017-12-13 22:44:21 5736 [Note] InnoDB: innodb_empty_free_list_algorithm has been changed to legacy because of small buffer pool size. In order to use backoff, increase buffer pool at least up to 20MB.

2017-12-13 22:44:21 5736 [Note] InnoDB: Using mutexes to ref count buffer pool pages
2017-12-13 22:44:21 5736 [Note] InnoDB: The InnoDB memory heap is disabled
2017-12-13 22:44:21 5736 [Note] InnoDB: Mutexes and rw_locks use Windows interlocked functions
2017-12-13 22:44:21 5736 [Note] InnoDB: _mm_lfence() and _mm_sfence() are used for memory barrier
2017-12-13 22:44:21 5736 [Note] InnoDB: Compressed tables use zlib 1.2.3
2017-12-13 22:44:21 5736 [Note] InnoDB: Using generic crc32 instructions
2017-12-13 22:44:21 5736 [Note] InnoDB: Initializing buffer pool, size = 16.0M
2017-12-13 22:44:21 5736 [Note] InnoDB: Completed initialization of buffer pool
2017-12-13 22:44:21 5736 [Note] InnoDB: Highest supported file format is Barracuda.
2017-12-13 22:44:21 5736 [Note] InnoDB: 128 rollback segment(s) are active.
2017-12-13 22:44:21 5736 [Note] InnoDB: Waiting for purge to start
2017-12-13 22:44:22 5736 [Note] InnoDB:  Percona XtraDB (http://www.percona.com) 5.6.36-82.2 started; log sequence number 2318148
2017-12-13 22:44:22 8368 [Note] InnoDB: Dumping buffer pool(s) not yet started
2017-12-13 22:44:22 5736 [Note] Plugin 'FEEDBACK' is disabled.
2017-12-13 22:44:22 5736 [Note] Server socket created on IP: '::'.
2017-12-13 22:44:22 5736 [Note] C:\web\mysql\bin\mysqld.exe: ready for connections.
Version: '10.1.28-MariaDB'  socket: ''  port: 3306  mariadb.org binary distribution
2017-12-13 22:49:00 6804 [Note] C:\web\mysql\bin\mysqld.exe: Normal shutdown

2017-12-13 22:49:00 6804 [Note] Event Scheduler: Purging the queue. 0 events
2017-12-13 22:49:00 5556 [Note] InnoDB: FTS optimize thread exiting.
2017-12-13 22:49:00 6804 [Note] InnoDB: Starting shutdown...
2017-12-13 22:49:01 6804 [Note] InnoDB: Waiting for page_cleaner to finish flushing of buffer pool
2017-12-13 22:49:02 6804 [Note] InnoDB: Shutdown completed; log sequence number 2318404
2017-12-13 22:49:02 6804 [Note] C:\web\mysql\bin\mysqld.exe: Shutdown complete

2017-12-13 22:49:27 238c InnoDB: Warning: Using innodb_additional_mem_pool_size is DEPRECATED. This option may be removed in future releases, together with the option innodb_use_sys_malloc and with the InnoDB's internal memory allocator.
2017-12-13 22:49:27 9100 [Note] InnoDB: innodb_empty_free_list_algorithm has been changed to legacy because of small buffer pool size. In order to use backoff, increase buffer pool at least up to 20MB.

2017-12-13 22:49:27 9100 [Note] InnoDB: Using mutexes to ref count buffer pool pages
2017-12-13 22:49:27 9100 [Note] InnoDB: The InnoDB memory heap is disabled
2017-12-13 22:49:27 9100 [Note] InnoDB: Mutexes and rw_locks use Windows interlocked functions
2017-12-13 22:49:27 9100 [Note] InnoDB: _mm_lfence() and _mm_sfence() are used for memory barrier
2017-12-13 22:49:27 9100 [Note] InnoDB: Compressed tables use zlib 1.2.3
2017-12-13 22:49:27 9100 [Note] InnoDB: Using generic crc32 instructions
2017-12-13 22:49:27 9100 [Note] InnoDB: Initializing buffer pool, size = 16.0M
2017-12-13 22:49:27 9100 [Note] InnoDB: Completed initialization of buffer pool
2017-12-13 22:49:28 9100 [Note] InnoDB: Highest supported file format is Barracuda.
2017-12-13 22:49:28 9100 [Note] InnoDB: 128 rollback segment(s) are active.
2017-12-13 22:49:28 9100 [Note] InnoDB: Waiting for purge to start
2017-12-13 22:49:28 9100 [Note] InnoDB:  Percona XtraDB (http://www.percona.com) 5.6.36-82.2 started; log sequence number 2318404
2017-12-13 22:49:28 8600 [Note] InnoDB: Dumping buffer pool(s) not yet started
2017-12-13 22:49:28 9100 [Note] Plugin 'FEEDBACK' is disabled.
2017-12-13 22:49:28 9100 [Note] Server socket created on IP: '::'.
2017-12-13 22:49:28 9100 [Note] C:\web\mysql\bin\mysqld.exe: ready for connections.
Version: '10.1.28-MariaDB'  socket: ''  port: 3306  mariadb.org binary distribution
2017-12-14  9:11:59 1140 [Note] C:\web\mysql\bin\mysqld.exe: Normal shutdown

2017-12-14  9:11:59 1140 [Note] Event Scheduler: Purging the queue. 0 events
2017-12-14  9:11:59 4876 [Note] InnoDB: FTS optimize thread exiting.
2017-12-14  9:11:59 1140 [Note] InnoDB: Starting shutdown...
2017-12-14  9:12:00 1140 [Note] InnoDB: Waiting for page_cleaner to finish flushing of buffer pool
2017-12-14  9:12:01 1140 [Note] InnoDB: Shutdown completed; log sequence number 2318414
2017-12-14  9:12:01 1140 [Note] C:\web\mysql\bin\mysqld.exe: Shutdown complete

2017-12-14 09:12:04 17d4 InnoDB: Warning: Using innodb_additional_mem_pool_size is DEPRECATED. This option may be removed in future releases, together with the option innodb_use_sys_malloc and with the InnoDB's internal memory allocator.
2017-12-14  9:12:04 6100 [Note] InnoDB: innodb_empty_free_list_algorithm has been changed to legacy because of small buffer pool size. In order to use backoff, increase buffer pool at least up to 20MB.

2017-12-14  9:12:04 6100 [Note] InnoDB: Using mutexes to ref count buffer pool pages
2017-12-14  9:12:04 6100 [Note] InnoDB: The InnoDB memory heap is disabled
2017-12-14  9:12:04 6100 [Note] InnoDB: Mutexes and rw_locks use Windows interlocked functions
2017-12-14  9:12:04 6100 [Note] InnoDB: _mm_lfence() and _mm_sfence() are used for memory barrier
2017-12-14  9:12:04 6100 [Note] InnoDB: Compressed tables use zlib 1.2.3
2017-12-14  9:12:04 6100 [Note] InnoDB: Using generic crc32 instructions
2017-12-14  9:12:04 6100 [Note] InnoDB: Initializing buffer pool, size = 16.0M
2017-12-14  9:12:04 6100 [Note] InnoDB: Completed initialization of buffer pool
2017-12-14  9:12:04 6100 [Note] InnoDB: Highest supported file format is Barracuda.
2017-12-14  9:12:04 6100 [Note] InnoDB: 128 rollback segment(s) are active.
2017-12-14  9:12:04 6100 [Note] InnoDB: Waiting for purge to start
2017-12-14  9:12:04 6100 [Note] InnoDB:  Percona XtraDB (http://www.percona.com) 5.6.36-82.2 started; log sequence number 2318414
2017-12-14  9:12:04 4692 [Note] InnoDB: Dumping buffer pool(s) not yet started
2017-12-14  9:12:04 6100 [Note] Plugin 'FEEDBACK' is disabled.
2017-12-14  9:12:04 6100 [Note] Server socket created on IP: '::'.
2017-12-14  9:12:05 6100 [Note] C:\web\mysql\bin\mysqld.exe: ready for connections.
Version: '10.1.28-MariaDB'  socket: ''  port: 3306  mariadb.org binary distribution
2017-12-14  9:16:34 4596 [Note] C:\web\mysql\bin\mysqld.exe: Normal shutdown

2017-12-14  9:16:34 4596 [Note] Event Scheduler: Purging the queue. 0 events
2017-12-14  9:16:34 8028 [Note] InnoDB: FTS optimize thread exiting.
2017-12-14  9:16:34 4596 [Note] InnoDB: Starting shutdown...
2017-12-14  9:16:35 4596 [Note] InnoDB: Waiting for page_cleaner to finish flushing of buffer pool
2017-12-14  9:16:36 4596 [Note] InnoDB: Shutdown completed; log sequence number 2318424
2017-12-14  9:16:36 4596 [Note] C:\web\mysql\bin\mysqld.exe: Shutdown complete

2017-12-14 09:17:13 227c InnoDB: Warning: Using innodb_additional_mem_pool_size is DEPRECATED. This option may be removed in future releases, together with the option innodb_use_sys_malloc and with the InnoDB's internal memory allocator.
2017-12-14  9:17:13 8828 [Note] InnoDB: innodb_empty_free_list_algorithm has been changed to legacy because of small buffer pool size. In order to use backoff, increase buffer pool at least up to 20MB.

2017-12-14  9:17:13 8828 [Note] InnoDB: Using mutexes to ref count buffer pool pages
2017-12-14  9:17:13 8828 [Note] InnoDB: The InnoDB memory heap is disabled
2017-12-14  9:17:13 8828 [Note] InnoDB: Mutexes and rw_locks use Windows interlocked functions
2017-12-14  9:17:13 8828 [Note] InnoDB: _mm_lfence() and _mm_sfence() are used for memory barrier
2017-12-14  9:17:13 8828 [Note] InnoDB: Compressed tables use zlib 1.2.3
2017-12-14  9:17:13 8828 [Note] InnoDB: Using generic crc32 instructions
2017-12-14  9:17:13 8828 [Note] InnoDB: Initializing buffer pool, size = 16.0M
2017-12-14  9:17:13 8828 [Note] InnoDB: Completed initialization of buffer pool
2017-12-14  9:17:13 8828 [Note] InnoDB: Highest supported file format is Barracuda.
2017-12-14  9:17:13 8828 [Note] InnoDB: 128 rollback segment(s) are active.
2017-12-14  9:17:13 8828 [Note] InnoDB: Waiting for purge to start
2017-12-14  9:17:14 8828 [Note] InnoDB:  Percona XtraDB (http://www.percona.com) 5.6.36-82.2 started; log sequence number 2318424
2017-12-14  9:17:14 2776 [Note] InnoDB: Dumping buffer pool(s) not yet started
2017-12-14  9:17:14 8828 [Note] Plugin 'FEEDBACK' is disabled.
2017-12-14  9:17:14 8828 [Note] Server socket created on IP: '::'.
2017-12-14  9:17:14 8828 [Note] C:\web\mysql\bin\mysqld.exe: ready for connections.
Version: '10.1.28-MariaDB'  socket: ''  port: 3306  mariadb.org binary distribution
2017-12-14 21:42:17 1892 [Note] C:\web\mysql\bin\mysqld.exe: Normal shutdown

2017-12-14 21:42:17 1892 [Note] Event Scheduler: Purging the queue. 0 events
2017-12-14 21:42:17 992 [Note] InnoDB: FTS optimize thread exiting.
2017-12-14 21:42:17 1892 [Note] InnoDB: Starting shutdown...
2017-12-14 21:42:17 1892 [Note] InnoDB: Waiting for page_cleaner to finish flushing of buffer pool
2017-12-14 21:42:18 1892 [Note] InnoDB: Shutdown completed; log sequence number 2387115
2017-12-14 21:42:18 1892 [Note] C:\web\mysql\bin\mysqld.exe: Shutdown complete

2017-12-14 21:43:00 22b8 InnoDB: Warning: Using innodb_additional_mem_pool_size is DEPRECATED. This option may be removed in future releases, together with the option innodb_use_sys_malloc and with the InnoDB's internal memory allocator.
2017-12-14 21:43:00 8888 [Note] InnoDB: innodb_empty_free_list_algorithm has been changed to legacy because of small buffer pool size. In order to use backoff, increase buffer pool at least up to 20MB.

2017-12-14 21:43:00 8888 [Note] InnoDB: Using mutexes to ref count buffer pool pages
2017-12-14 21:43:00 8888 [Note] InnoDB: The InnoDB memory heap is disabled
2017-12-14 21:43:00 8888 [Note] InnoDB: Mutexes and rw_locks use Windows interlocked functions
2017-12-14 21:43:00 8888 [Note] InnoDB: _mm_lfence() and _mm_sfence() are used for memory barrier
2017-12-14 21:43:00 8888 [Note] InnoDB: Compressed tables use zlib 1.2.3
2017-12-14 21:43:00 8888 [Note] InnoDB: Using generic crc32 instructions
2017-12-14 21:43:00 8888 [Note] InnoDB: Initializing buffer pool, size = 16.0M
2017-12-14 21:43:00 8888 [Note] InnoDB: Completed initialization of buffer pool
2017-12-14 21:43:00 8888 [Note] InnoDB: Highest supported file format is Barracuda.
2017-12-14 21:43:00 8888 [Note] InnoDB: 128 rollback segment(s) are active.
2017-12-14 21:43:00 8888 [Note] InnoDB: Waiting for purge to start
2017-12-14 21:43:01 8888 [Note] InnoDB:  Percona XtraDB (http://www.percona.com) 5.6.36-82.2 started; log sequence number 2387115
2017-12-14 21:43:01 4912 [Note] InnoDB: Dumping buffer pool(s) not yet started
2017-12-14 21:43:01 8888 [Note] Plugin 'FEEDBACK' is disabled.
2017-12-14 21:43:01 8888 [Note] Server socket created on IP: '::'.
2017-12-14 21:43:01 8888 [Note] C:\web\mysql\bin\mysqld.exe: ready for connections.
Version: '10.1.28-MariaDB'  socket: ''  port: 3306  mariadb.org binary distribution
2017-12-14 21:51:40 6992 [Note] C:\web\mysql\bin\mysqld.exe: Normal shutdown

2017-12-14 21:51:40 6992 [Note] Event Scheduler: Purging the queue. 0 events
2017-12-14 21:51:40 4772 [Note] InnoDB: FTS optimize thread exiting.
2017-12-14 21:51:40 6992 [Note] InnoDB: Starting shutdown...
2017-12-14 21:51:41 6992 [Note] InnoDB: Waiting for page_cleaner to finish flushing of buffer pool
2017-12-14 21:51:42 6992 [Note] InnoDB: Shutdown completed; log sequence number 2388557
2017-12-14 21:51:42 6992 [Note] C:\web\mysql\bin\mysqld.exe: Shutdown complete

2017-12-14 21:53:14 a04 InnoDB: Warning: Using innodb_additional_mem_pool_size is DEPRECATED. This option may be removed in future releases, together with the option innodb_use_sys_malloc and with the InnoDB's internal memory allocator.
2017-12-14 21:53:14 2564 [Note] InnoDB: innodb_empty_free_list_algorithm has been changed to legacy because of small buffer pool size. In order to use backoff, increase buffer pool at least up to 20MB.

2017-12-14 21:53:14 2564 [Note] InnoDB: Using mutexes to ref count buffer pool pages
2017-12-14 21:53:14 2564 [Note] InnoDB: The InnoDB memory heap is disabled
2017-12-14 21:53:14 2564 [Note] InnoDB: Mutexes and rw_locks use Windows interlocked functions
2017-12-14 21:53:14 2564 [Note] InnoDB: _mm_lfence() and _mm_sfence() are used for memory barrier
2017-12-14 21:53:14 2564 [Note] InnoDB: Compressed tables use zlib 1.2.3
2017-12-14 21:53:14 2564 [Note] InnoDB: Using generic crc32 instructions
2017-12-14 21:53:14 2564 [Note] InnoDB: Initializing buffer pool, size = 16.0M
2017-12-14 21:53:14 2564 [Note] InnoDB: Completed initialization of buffer pool
2017-12-14 21:53:14 2564 [Note] InnoDB: Highest supported file format is Barracuda.
2017-12-14 21:53:14 2564 [Note] InnoDB: 128 rollback segment(s) are active.
2017-12-14 21:53:14 2564 [Note] InnoDB: Waiting for purge to start
2017-12-14 21:53:14 2564 [Note] InnoDB:  Percona XtraDB (http://www.percona.com) 5.6.36-82.2 started; log sequence number 2388557
2017-12-14 21:53:14 8704 [Note] InnoDB: Dumping buffer pool(s) not yet started
2017-12-14 21:53:15 2564 [Note] Plugin 'FEEDBACK' is disabled.
2017-12-14 21:53:15 2564 [Note] Server socket created on IP: '::'.
2017-12-14 21:53:15 2564 [Note] C:\web\mysql\bin\mysqld.exe: ready for connections.
Version: '10.1.28-MariaDB'  socket: ''  port: 3306  mariadb.org binary distribution
2017-12-15 20:52:58 8724 [Note] C:\web\mysql\bin\mysqld.exe: Normal shutdown

2017-12-15 20:52:58 8724 [Note] Event Scheduler: Purging the queue. 0 events
2017-12-15 20:52:58 724 [Note] InnoDB: FTS optimize thread exiting.
2017-12-15 20:52:58 8724 [Note] InnoDB: Starting shutdown...
2017-12-15 20:52:59 8724 [Note] InnoDB: Waiting for page_cleaner to finish flushing of buffer pool
2017-12-15 20:53:00 8724 [Note] InnoDB: Shutdown completed; log sequence number 2484471
2017-12-15 20:53:00 8724 [Note] C:\web\mysql\bin\mysqld.exe: Shutdown complete

2017-12-15 20:53:37 2188 InnoDB: Warning: Using innodb_additional_mem_pool_size is DEPRECATED. This option may be removed in future releases, together with the option innodb_use_sys_malloc and with the InnoDB's internal memory allocator.
2017-12-15 20:53:37 8584 [Note] InnoDB: innodb_empty_free_list_algorithm has been changed to legacy because of small buffer pool size. In order to use backoff, increase buffer pool at least up to 20MB.

2017-12-15 20:53:37 8584 [Note] InnoDB: Using mutexes to ref count buffer pool pages
2017-12-15 20:53:37 8584 [Note] InnoDB: The InnoDB memory heap is disabled
2017-12-15 20:53:37 8584 [Note] InnoDB: Mutexes and rw_locks use Windows interlocked functions
2017-12-15 20:53:37 8584 [Note] InnoDB: _mm_lfence() and _mm_sfence() are used for memory barrier
2017-12-15 20:53:37 8584 [Note] InnoDB: Compressed tables use zlib 1.2.3
2017-12-15 20:53:37 8584 [Note] InnoDB: Using generic crc32 instructions
2017-12-15 20:53:37 8584 [Note] InnoDB: Initializing buffer pool, size = 16.0M
2017-12-15 20:53:37 8584 [Note] InnoDB: Completed initialization of buffer pool
2017-12-15 20:53:37 8584 [Note] InnoDB: Highest supported file format is Barracuda.
2017-12-15 20:53:38 8584 [Note] InnoDB: 128 rollback segment(s) are active.
2017-12-15 20:53:38 8584 [Note] InnoDB: Waiting for purge to start
2017-12-15 20:53:38 8584 [Note] InnoDB:  Percona XtraDB (http://www.percona.com) 5.6.36-82.2 started; log sequence number 2484471
2017-12-15 20:53:38 8876 [Note] InnoDB: Dumping buffer pool(s) not yet started
2017-12-15 20:53:38 8584 [Note] Plugin 'FEEDBACK' is disabled.
2017-12-15 20:53:38 8584 [Note] Server socket created on IP: '::'.
2017-12-15 20:53:38 8584 [Note] C:\web\mysql\bin\mysqld.exe: ready for connections.
Version: '10.1.28-MariaDB'  socket: ''  port: 3306  mariadb.org binary distribution
2017-12-15 22:32:14 1980 [Note] C:\web\mysql\bin\mysqld.exe: Normal shutdown

2017-12-15 22:32:14 1980 [Note] Event Scheduler: Purging the queue. 0 events
2017-12-15 22:32:14 6760 [Note] InnoDB: FTS optimize thread exiting.
2017-12-15 22:32:14 1980 [Note] InnoDB: Starting shutdown...
2017-12-15 22:32:15 1980 [Note] InnoDB: Waiting for page_cleaner to finish flushing of buffer pool
2017-12-15 22:32:16 1980 [Note] InnoDB: Shutdown completed; log sequence number 2490852
2017-12-15 22:32:16 1980 [Note] C:\web\mysql\bin\mysqld.exe: Shutdown complete

2017-12-15 22:32:47 a30 InnoDB: Warning: Using innodb_additional_mem_pool_size is DEPRECATED. This option may be removed in future releases, together with the option innodb_use_sys_malloc and with the InnoDB's internal memory allocator.
2017-12-15 22:32:47 2608 [Note] InnoDB: innodb_empty_free_list_algorithm has been changed to legacy because of small buffer pool size. In order to use backoff, increase buffer pool at least up to 20MB.

2017-12-15 22:32:47 2608 [Note] InnoDB: Using mutexes to ref count buffer pool pages
2017-12-15 22:32:47 2608 [Note] InnoDB: The InnoDB memory heap is disabled
2017-12-15 22:32:47 2608 [Note] InnoDB: Mutexes and rw_locks use Windows interlocked functions
2017-12-15 22:32:47 2608 [Note] InnoDB: _mm_lfence() and _mm_sfence() are used for memory barrier
2017-12-15 22:32:47 2608 [Note] InnoDB: Compressed tables use zlib 1.2.3
2017-12-15 22:32:47 2608 [Note] InnoDB: Using generic crc32 instructions
2017-12-15 22:32:47 2608 [Note] InnoDB: Initializing buffer pool, size = 16.0M
2017-12-15 22:32:47 2608 [Note] InnoDB: Completed initialization of buffer pool
2017-12-15 22:32:47 2608 [Note] InnoDB: Highest supported file format is Barracuda.
2017-12-15 22:32:48 2608 [Note] InnoDB: 128 rollback segment(s) are active.
2017-12-15 22:32:48 2608 [Note] InnoDB: Waiting for purge to start
2017-12-15 22:32:48 2608 [Note] InnoDB:  Percona XtraDB (http://www.percona.com) 5.6.36-82.2 started; log sequence number 2490852
2017-12-15 22:32:48 8012 [Note] InnoDB: Dumping buffer pool(s) not yet started
2017-12-15 22:32:48 2608 [Note] Plugin 'FEEDBACK' is disabled.
2017-12-15 22:32:48 2608 [Note] Server socket created on IP: '::'.
2017-12-15 22:32:48 2608 [Note] C:\web\mysql\bin\mysqld.exe: ready for connections.
Version: '10.1.28-MariaDB'  socket: ''  port: 3306  mariadb.org binary distribution
2017-12-16 14:48:57 5192 [Note] C:\web\mysql\bin\mysqld.exe: Normal shutdown

2017-12-16 14:48:57 5192 [Note] Event Scheduler: Purging the queue. 0 events
2017-12-16 14:48:57 8076 [Note] InnoDB: FTS optimize thread exiting.
2017-12-16 14:48:57 5192 [Note] InnoDB: Starting shutdown...
2017-12-16 14:48:58 5192 [Note] InnoDB: Waiting for page_cleaner to finish flushing of buffer pool
2017-12-16 14:48:59 5192 [Note] InnoDB: Shutdown completed; log sequence number 2537079
2017-12-16 14:48:59 5192 [Note] C:\web\mysql\bin\mysqld.exe: Shutdown complete

2017-12-16 14:50:02 12a4 InnoDB: Warning: Using innodb_additional_mem_pool_size is DEPRECATED. This option may be removed in future releases, together with the option innodb_use_sys_malloc and with the InnoDB's internal memory allocator.
2017-12-16 14:50:02 4772 [Note] InnoDB: innodb_empty_free_list_algorithm has been changed to legacy because of small buffer pool size. In order to use backoff, increase buffer pool at least up to 20MB.

2017-12-16 14:50:02 4772 [Note] InnoDB: Using mutexes to ref count buffer pool pages
2017-12-16 14:50:02 4772 [Note] InnoDB: The InnoDB memory heap is disabled
2017-12-16 14:50:02 4772 [Note] InnoDB: Mutexes and rw_locks use Windows interlocked functions
2017-12-16 14:50:02 4772 [Note] InnoDB: _mm_lfence() and _mm_sfence() are used for memory barrier
2017-12-16 14:50:02 4772 [Note] InnoDB: Compressed tables use zlib 1.2.3
2017-12-16 14:50:02 4772 [Note] InnoDB: Using generic crc32 instructions
2017-12-16 14:50:02 4772 [Note] InnoDB: Initializing buffer pool, size = 16.0M
2017-12-16 14:50:02 4772 [Note] InnoDB: Completed initialization of buffer pool
2017-12-16 14:50:02 4772 [Note] InnoDB: Highest supported file format is Barracuda.
2017-12-16 14:50:02 4772 [Note] InnoDB: 128 rollback segment(s) are active.
2017-12-16 14:50:02 4772 [Note] InnoDB: Waiting for purge to start
2017-12-16 14:50:02 4772 [Note] InnoDB:  Percona XtraDB (http://www.percona.com) 5.6.36-82.2 started; log sequence number 2537079
2017-12-16 14:50:02 8780 [Note] InnoDB: Dumping buffer pool(s) not yet started
2017-12-16 14:50:02 4772 [Note] Plugin 'FEEDBACK' is disabled.
2017-12-16 14:50:02 4772 [Note] Server socket created on IP: '::'.
2017-12-16 14:50:03 4772 [Note] C:\web\mysql\bin\mysqld.exe: ready for connections.
Version: '10.1.28-MariaDB'  socket: ''  port: 3306  mariadb.org binary distribution
2017-12-17 16:13:38 2072 [Note] C:\web\mysql\bin\mysqld.exe: Normal shutdown

2017-12-17 16:13:38 2072 [Note] Event Scheduler: Purging the queue. 0 events
2017-12-17 16:13:38 5484 [Note] InnoDB: FTS optimize thread exiting.
2017-12-17 16:13:38 2072 [Note] InnoDB: Starting shutdown...
2017-12-17 16:13:40 2072 [Note] InnoDB: Waiting for page_cleaner to finish flushing of buffer pool
2017-12-17 16:13:41 2072 [Note] InnoDB: Shutdown completed; log sequence number 2566616
2017-12-17 16:13:41 2072 [Note] C:\web\mysql\bin\mysqld.exe: Shutdown complete

2017-12-17 16:15:17 1820 InnoDB: Warning: Using innodb_additional_mem_pool_size is DEPRECATED. This option may be removed in future releases, together with the option innodb_use_sys_malloc and with the InnoDB's internal memory allocator.
2017-12-17 16:15:17 6176 [Note] InnoDB: innodb_empty_free_list_algorithm has been changed to legacy because of small buffer pool size. In order to use backoff, increase buffer pool at least up to 20MB.

2017-12-17 16:15:17 6176 [Note] InnoDB: Using mutexes to ref count buffer pool pages
2017-12-17 16:15:17 6176 [Note] InnoDB: The InnoDB memory heap is disabled
2017-12-17 16:15:17 6176 [Note] InnoDB: Mutexes and rw_locks use Windows interlocked functions
2017-12-17 16:15:17 6176 [Note] InnoDB: _mm_lfence() and _mm_sfence() are used for memory barrier
2017-12-17 16:15:17 6176 [Note] InnoDB: Compressed tables use zlib 1.2.3
2017-12-17 16:15:17 6176 [Note] InnoDB: Using generic crc32 instructions
2017-12-17 16:15:17 6176 [Note] InnoDB: Initializing buffer pool, size = 16.0M
2017-12-17 16:15:17 6176 [Note] InnoDB: Completed initialization of buffer pool
2017-12-17 16:15:17 6176 [Note] InnoDB: Highest supported file format is Barracuda.
2017-12-17 16:15:19 6176 [Note] InnoDB: 128 rollback segment(s) are active.
2017-12-17 16:15:19 6176 [Note] InnoDB: Waiting for purge to start
2017-12-17 16:15:19 6176 [Note] InnoDB:  Percona XtraDB (http://www.percona.com) 5.6.36-82.2 started; log sequence number 2566616
2017-12-17 16:15:19 8752 [Note] InnoDB: Dumping buffer pool(s) not yet started
2017-12-17 16:15:19 6176 [Note] Plugin 'FEEDBACK' is disabled.
2017-12-17 16:15:19 6176 [Note] Server socket created on IP: '::'.
2017-12-17 16:15:19 6176 [Note] C:\web\mysql\bin\mysqld.exe: ready for connections.
Version: '10.1.28-MariaDB'  socket: ''  port: 3306  mariadb.org binary distribution
2017-12-17 17:48:03 6300 [Note] C:\web\mysql\bin\mysqld.exe: Normal shutdown

2017-12-17 17:48:03 6300 [Note] Event Scheduler: Purging the queue. 0 events
2017-12-17 17:48:03 5600 [Note] InnoDB: FTS optimize thread exiting.
2017-12-17 17:48:03 6300 [Note] InnoDB: Starting shutdown...
2017-12-17 17:48:03 6300 [Note] InnoDB: Waiting for page_cleaner to finish flushing of buffer pool
2017-12-17 17:48:04 6300 [Note] InnoDB: Shutdown completed; log sequence number 2631424
2017-12-17 17:48:04 6300 [Note] C:\web\mysql\bin\mysqld.exe: Shutdown complete

2017-12-17 17:48:50 1d78 InnoDB: Warning: Using innodb_additional_mem_pool_size is DEPRECATED. This option may be removed in future releases, together with the option innodb_use_sys_malloc and with the InnoDB's internal memory allocator.
2017-12-17 17:48:50 7544 [Note] InnoDB: innodb_empty_free_list_algorithm has been changed to legacy because of small buffer pool size. In order to use backoff, increase buffer pool at least up to 20MB.

2017-12-17 17:48:50 7544 [Note] InnoDB: Using mutexes to ref count buffer pool pages
2017-12-17 17:48:50 7544 [Note] InnoDB: The InnoDB memory heap is disabled
2017-12-17 17:48:50 7544 [Note] InnoDB: Mutexes and rw_locks use Windows interlocked functions
2017-12-17 17:48:50 7544 [Note] InnoDB: _mm_lfence() and _mm_sfence() are used for memory barrier
2017-12-17 17:48:50 7544 [Note] InnoDB: Compressed tables use zlib 1.2.3
2017-12-17 17:48:50 7544 [Note] InnoDB: Using generic crc32 instructions
2017-12-17 17:48:50 7544 [Note] InnoDB: Initializing buffer pool, size = 16.0M
2017-12-17 17:48:50 7544 [Note] InnoDB: Completed initialization of buffer pool
2017-12-17 17:48:51 7544 [Note] InnoDB: Highest supported file format is Barracuda.
2017-12-17 17:48:51 7544 [Note] InnoDB: 128 rollback segment(s) are active.
2017-12-17 17:48:51 7544 [Note] InnoDB: Waiting for purge to start
2017-12-17 17:48:51 7544 [Note] InnoDB:  Percona XtraDB (http://www.percona.com) 5.6.36-82.2 started; log sequence number 2631424
2017-12-17 17:48:51 9328 [Note] InnoDB: Dumping buffer pool(s) not yet started
2017-12-17 17:48:51 7544 [Note] Plugin 'FEEDBACK' is disabled.
2017-12-17 17:48:51 7544 [Note] Server socket created on IP: '::'.
2017-12-17 17:48:51 7544 [Note] C:\web\mysql\bin\mysqld.exe: ready for connections.
Version: '10.1.28-MariaDB'  socket: ''  port: 3306  mariadb.org binary distribution
2017-12-17 19:42:43 8920 [Note] C:\web\mysql\bin\mysqld.exe: Normal shutdown

2017-12-17 19:42:43 8920 [Note] Event Scheduler: Purging the queue. 0 events
2017-12-17 19:42:43 3600 [Note] InnoDB: FTS optimize thread exiting.
2017-12-17 19:42:43 8920 [Note] InnoDB: Starting shutdown...
2017-12-17 19:42:43 8920 [Note] InnoDB: Waiting for page_cleaner to finish flushing of buffer pool
2017-12-17 19:42:44 8920 [Note] InnoDB: Shutdown completed; log sequence number 2659364
2017-12-17 19:42:44 8920 [Note] C:\web\mysql\bin\mysqld.exe: Shutdown complete

2017-12-17 19:43:03 4d4 InnoDB: Warning: Using innodb_additional_mem_pool_size is DEPRECATED. This option may be removed in future releases, together with the option innodb_use_sys_malloc and with the InnoDB's internal memory allocator.
2017-12-17 19:43:03 1236 [Note] InnoDB: innodb_empty_free_list_algorithm has been changed to legacy because of small buffer pool size. In order to use backoff, increase buffer pool at least up to 20MB.

2017-12-17 19:43:03 1236 [Note] InnoDB: Using mutexes to ref count buffer pool pages
2017-12-17 19:43:03 1236 [Note] InnoDB: The InnoDB memory heap is disabled
2017-12-17 19:43:03 1236 [Note] InnoDB: Mutexes and rw_locks use Windows interlocked functions
2017-12-17 19:43:03 1236 [Note] InnoDB: _mm_lfence() and _mm_sfence() are used for memory barrier
2017-12-17 19:43:03 1236 [Note] InnoDB: Compressed tables use zlib 1.2.3
2017-12-17 19:43:03 1236 [Note] InnoDB: Using generic crc32 instructions
2017-12-17 19:43:03 1236 [Note] InnoDB: Initializing buffer pool, size = 16.0M
2017-12-17 19:43:03 1236 [Note] InnoDB: Completed initialization of buffer pool
2017-12-17 19:43:03 1236 [Note] InnoDB: Highest supported file format is Barracuda.
2017-12-17 19:43:03 1236 [Note] InnoDB: 128 rollback segment(s) are active.
2017-12-17 19:43:03 1236 [Note] InnoDB: Waiting for purge to start
2017-12-17 19:43:03 1236 [Note] InnoDB:  Percona XtraDB (http://www.percona.com) 5.6.36-82.2 started; log sequence number 2659364
2017-12-17 19:43:03 6988 [Note] InnoDB: Dumping buffer pool(s) not yet started
2017-12-17 19:43:03 1236 [Note] Plugin 'FEEDBACK' is disabled.
2017-12-17 19:43:03 1236 [Note] Server socket created on IP: '::'.
2017-12-17 19:43:03 1236 [Note] C:\web\mysql\bin\mysqld.exe: ready for connections.
Version: '10.1.28-MariaDB'  socket: ''  port: 3306  mariadb.org binary distribution
2017-12-17 19:43:21 7784 [Note] C:\web\mysql\bin\mysqld.exe: Normal shutdown

2017-12-17 19:43:21 7784 [Note] Event Scheduler: Purging the queue. 0 events
2017-12-17 19:43:21 6204 [Note] InnoDB: FTS optimize thread exiting.
2017-12-17 19:43:21 7784 [Note] InnoDB: Starting shutdown...
2017-12-17 19:43:22 7784 [Note] InnoDB: Waiting for page_cleaner to finish flushing of buffer pool
2017-12-17 19:43:23 7784 [Note] InnoDB: Shutdown completed; log sequence number 2664165
2017-12-17 19:43:23 7784 [Note] C:\web\mysql\bin\mysqld.exe: Shutdown complete

2017-12-17 19:44:42 1664 InnoDB: Warning: Using innodb_additional_mem_pool_size is DEPRECATED. This option may be removed in future releases, together with the option innodb_use_sys_malloc and with the InnoDB's internal memory allocator.
2017-12-17 19:44:42 5732 [Note] InnoDB: innodb_empty_free_list_algorithm has been changed to legacy because of small buffer pool size. In order to use backoff, increase buffer pool at least up to 20MB.

2017-12-17 19:44:42 5732 [Note] InnoDB: Using mutexes to ref count buffer pool pages
2017-12-17 19:44:42 5732 [Note] InnoDB: The InnoDB memory heap is disabled
2017-12-17 19:44:42 5732 [Note] InnoDB: Mutexes and rw_locks use Windows interlocked functions
2017-12-17 19:44:42 5732 [Note] InnoDB: _mm_lfence() and _mm_sfence() are used for memory barrier
2017-12-17 19:44:42 5732 [Note] InnoDB: Compressed tables use zlib 1.2.3
2017-12-17 19:44:42 5732 [Note] InnoDB: Using generic crc32 instructions
2017-12-17 19:44:42 5732 [Note] InnoDB: Initializing buffer pool, size = 16.0M
2017-12-17 19:44:42 5732 [Note] InnoDB: Completed initialization of buffer pool
2017-12-17 19:44:42 5732 [Note] InnoDB: Highest supported file format is Barracuda.
2017-12-17 19:44:43 5732 [Note] InnoDB: 128 rollback segment(s) are active.
2017-12-17 19:44:43 5732 [Note] InnoDB: Waiting for purge to start
2017-12-17 19:44:43 5732 [Note] InnoDB:  Percona XtraDB (http://www.percona.com) 5.6.36-82.2 started; log sequence number 2664165
2017-12-17 19:44:43 8760 [Note] InnoDB: Dumping buffer pool(s) not yet started
2017-12-17 19:44:43 5732 [Note] Plugin 'FEEDBACK' is disabled.
2017-12-17 19:44:43 5732 [Note] Server socket created on IP: '::'.
2017-12-17 19:44:43 5732 [Note] C:\web\mysql\bin\mysqld.exe: ready for connections.
Version: '10.1.28-MariaDB'  socket: ''  port: 3306  mariadb.org binary distribution
2017-12-18 20:50:08 4640 [Note] C:\web\mysql\bin\mysqld.exe: Normal shutdown

2017-12-18 20:50:08 4640 [Note] Event Scheduler: Purging the queue. 0 events
2017-12-18 20:50:08 9464 [Note] InnoDB: FTS optimize thread exiting.
2017-12-18 20:50:08 4640 [Note] InnoDB: Starting shutdown...
2017-12-18 20:50:08 4640 [Note] InnoDB: Waiting for page_cleaner to finish flushing of buffer pool
2017-12-18 20:50:09 4640 [Note] InnoDB: Shutdown completed; log sequence number 2761032
2017-12-18 20:50:09 4640 [Note] C:\web\mysql\bin\mysqld.exe: Shutdown complete

